<!DOCTYPE html PUBLIC "-//W3C//DTD XHTML 1.1//EN" "http://www.w3.org/TR/xhtml11/DTD/xhtml11.dtd">
<html xmlns="http://www.w3.org/1999/xhtml"><head><title>TestNG Report</title><style type="text/css">table {margin-bottom:10px;border-collapse:collapse;empty-cells:show}th,td {border:1px solid #009;padding:.25em .5em}th {vertical-align:bottom}td {vertical-align:top}table a {font-weight:bold}.stripe td {background-color: #E6EBF9}.num {text-align:right}.passedodd td {background-color: #3F3}.passedeven td {background-color: #0A0}.skippedodd td {background-color: #DDD}.skippedeven td {background-color: #CCC}.failedodd td,.attn {background-color: #F33}.failedeven td,.stripe .attn {background-color: #D00}.stacktrace {white-space:pre;font-family:monospace}.totop {font-size:85%;text-align:center;border-bottom:2px solid #000}</style></head><body><table><tr><th>Test</th><th># Passed</th><th># Skipped</th><th># Failed</th><th>Time (ms)</th><th>Included Groups</th><th>Excluded Groups</th></tr><tr><th colspan="7">Suite C</th></tr><tr><td><a href="#t0">Test C1</a></td><td class="num">0</td><td class="num attn">4</td><td class="num">0</td><td class="num">8</td><td></td><td></td></tr><tr class="stripe"><td><a href="#t1">Test C2</a></td><td class="num">0</td><td class="num attn">1</td><td class="num">0</td><td class="num">2</td><td></td><td></td></tr><tr><th colspan="7">Shop Suite</th></tr><tr><td><a href="#t2">AddProduct Test</a></td><td class="num">0</td><td class="num">0</td><td class="num attn">3</td><td class="num">45,353</td><td></td><td></td></tr><tr class="stripe"><td><a href="#t3">CheckProduct Display</a></td><td class="num">0</td><td class="num">0</td><td class="num attn">1</td><td class="num">1,150</td><td></td><td></td></tr><tr><td><a href="#t4">Random Product selection test</a></td><td class="num">0</td><td class="num">0</td><td class="num attn">1</td><td class="num">1,175</td><td></td><td></td></tr><tr><th colspan="7">My suite</th></tr><tr><th colspan="7">Cart Suite</th></tr><tr class="stripe"><td><a href="#t5">CheckTotal Test</a></td><td class="num">0</td><td class="num attn">1</td><td class="num">0</td><td class="num">5</td><td></td><td></td></tr><tr><td><a href="#t6">Test B2</a></td><td class="num">0</td><td class="num attn">1</td><td class="num">0</td><td class="num">3</td><td></td><td></td></tr><tr><th>Total</th><th class="num">0</th><th class="num attn">7</th><th class="num attn">5</th><th class="num">47,696</th><th colspan="2"></th></tr></table><table><thead><tr><th>Class</th><th>Method</th><th>Start</th><th>Time (ms)</th></tr></thead><tbody><tr><th colspan="4">Suite C</th></tr></tbody><tbody id="t0"><tr><th colspan="4">Test C1 &#8212; skipped (configuration methods)</th></tr><tr class="skippedeven"><td rowspan="1">com.qtpselenium.suite.productdisplay.TestCase_C1</td><td><a href="#m0">checkTestSkip</a></td><td rowspan="1">1402571562420</td><td rowspan="1">0</td></tr><tr><th colspan="4">Test C1 &#8212; skipped</th></tr><tr class="skippedeven"><td rowspan="4">com.qtpselenium.suite.productdisplay.TestCase_C1</td><td><a href="#m1">testcaseC1</a></td><td rowspan="4">1402571562426</td><td rowspan="4">1</td></tr><tr class="skippedeven"><td><a href="#m2">testcaseC1</a></td></tr><tr class="skippedeven"><td><a href="#m3">testcaseC1</a></td></tr><tr class="skippedeven"><td><a href="#m4">testcaseC1</a></td></tr></tbody><tbody id="t1"><tr><th colspan="4">Test C2 &#8212; skipped (configuration methods)</th></tr><tr class="skippedeven"><td rowspan="2">com.qtpselenium.suite.productdisplay.TestCase_C2</td><td><a href="#m5">checkSuiteSkip</a></td><td rowspan="1">1402571562418</td><td rowspan="1">0</td></tr><tr class="skippedeven"><td><a href="#m6">checkTestSkip</a></td><td rowspan="1">1402571562452</td><td rowspan="1">0</td></tr><tr><th colspan="4">Test C2 &#8212; skipped</th></tr><tr class="skippedeven"><td rowspan="1">com.qtpselenium.suite.productdisplay.TestCase_C2</td><td><a href="#m7">testcaseC2</a></td><td rowspan="1">1402571562453</td><td rowspan="1">1</td></tr></tbody><tbody><tr><th colspan="4">Shop Suite</th></tr></tbody><tbody id="t2"><tr><th colspan="4">AddProduct Test &#8212; failed</th></tr><tr class="failedeven"><td rowspan="3">com.qtpselenium.suite.shop.AddProductTest</td><td><a href="#m8">addProductToBasket</a></td><td rowspan="3">1402571552466</td><td rowspan="3">5923</td></tr><tr class="failedeven"><td><a href="#m9">addProductToBasket</a></td></tr><tr class="failedeven"><td><a href="#m10">addProductToBasket</a></td></tr></tbody><tbody id="t3"><tr><th colspan="4">CheckProduct Display &#8212; failed</th></tr><tr class="failedeven"><td rowspan="1">com.qtpselenium.suite.shop.CheckProductDisplay</td><td><a href="#m11">testcaseA1</a></td><td rowspan="1">1402571559993</td><td rowspan="1">1003</td></tr></tbody><tbody id="t4"><tr><th colspan="4">Random Product selection test &#8212; failed</th></tr><tr class="failedeven"><td rowspan="1">com.qtpselenium.suite.shop.RandomSelection</td><td><a href="#m12">testSelection</a></td><td rowspan="1">1402571561155</td><td rowspan="1">1003</td></tr></tbody><tbody><tr><th colspan="4">My suite</th></tr></tbody><tbody><tr><th colspan="4">Cart Suite</th></tr></tbody><tbody id="t5"><tr><th colspan="4">CheckTotal Test &#8212; skipped (configuration methods)</th></tr><tr class="skippedeven"><td rowspan="3">com.qtpselenium.suite.cart.CheckTotal</td><td><a href="#m13">checkTestSkip</a></td><td rowspan="1">1402571562343</td><td rowspan="1">0</td></tr><tr class="skippedeven"><td><a href="#m14">reportDataSetResult</a></td><td rowspan="1">1402571562346</td><td rowspan="1">0</td></tr><tr class="skippedeven"><td><a href="#m15">reportTestResult</a></td><td rowspan="1">1402571562347</td><td rowspan="1">0</td></tr><tr><th colspan="4">CheckTotal Test &#8212; skipped</th></tr><tr class="skippedeven"><td rowspan="1">com.qtpselenium.suite.cart.CheckTotal</td><td><a href="#m16">testcaseCartTotal</a></td><td rowspan="1">1402571562345</td><td rowspan="1">0</td></tr></tbody><tbody id="t6"><tr><th colspan="4">Test B2 &#8212; skipped (configuration methods)</th></tr><tr class="skippedeven"><td rowspan="2">com.qtpselenium.suite.cart.TestCase_B2</td><td><a href="#m17">checkSuiteSkip</a></td><td rowspan="1">1402571562340</td><td rowspan="1">0</td></tr><tr class="skippedeven"><td><a href="#m18">checkTestSkip</a></td><td rowspan="1">1402571562394</td><td rowspan="1">0</td></tr><tr><th colspan="4">Test B2 &#8212; skipped</th></tr><tr class="skippedeven"><td rowspan="1">com.qtpselenium.suite.cart.TestCase_B2</td><td><a href="#m19">testcaseB2</a></td><td rowspan="1">1402571562395</td><td rowspan="1">1</td></tr></tbody></table><h2>Test C1</h2><h3 id="m0">com.qtpselenium.suite.productdisplay.TestCase_C1#checkTestSkip</h3><table class="result"></table><p class="totop"><a href="#summary">back to summary</a></p><h3 id="m1">com.qtpselenium.suite.productdisplay.TestCase_C1#testcaseC1</h3><table class="result"><tr class="param"><th>Parameter #1</th><th>Parameter #2</th><th>Parameter #3</th><th>Parameter #4</th></tr><tr class="param stripe"><td>Dummy Data_C1_9</td><td>Dummy Data_C1_10</td><td>Dummy Data_C1_11</td><td>Dummy Data_C1_12</td></tr></table><p class="totop"><a href="#summary">back to summary</a></p><h3 id="m2">com.qtpselenium.suite.productdisplay.TestCase_C1#testcaseC1</h3><table class="result"><tr class="param"><th>Parameter #1</th><th>Parameter #2</th><th>Parameter #3</th><th>Parameter #4</th></tr><tr class="param stripe"><td>Dummy Data_C1_13</td><td>Dummy Data_C1_14</td><td>Dummy Data_C1_15</td><td>Dummy Data_C1_16</td></tr></table><p class="totop"><a href="#summary">back to summary</a></p><h3 id="m3">com.qtpselenium.suite.productdisplay.TestCase_C1#testcaseC1</h3><table class="result"><tr class="param"><th>Parameter #1</th><th>Parameter #2</th><th>Parameter #3</th><th>Parameter #4</th></tr><tr class="param stripe"><td>Dummy Data_C1_1</td><td>Dummy Data_C1_2</td><td>Dummy Data_C1_3</td><td>Dummy Data_C1_4</td></tr></table><p class="totop"><a href="#summary">back to summary</a></p><h3 id="m4">com.qtpselenium.suite.productdisplay.TestCase_C1#testcaseC1</h3><table class="result"><tr class="param"><th>Parameter #1</th><th>Parameter #2</th><th>Parameter #3</th><th>Parameter #4</th></tr><tr class="param stripe"><td>Dummy Data_C1_5</td><td>Dummy Data_C1_6</td><td>Dummy Data_C1_7</td><td>Dummy Data_C1_8</td></tr></table><p class="totop"><a href="#summary">back to summary</a></p><h2>Test C2</h2><h3 id="m5">com.qtpselenium.suite.productdisplay.TestCase_C2#checkSuiteSkip</h3><table class="result"><tr><th>Exception</th></tr><tr><td><div class="stacktrace">org.testng.SkipException: Runmode of Product Display Suite set to no. So Skipping all tests in Suite Product Display
	at com.qtpselenium.suite.productdisplay.TestSuiteBase.checkSuiteSkip(TestSuiteBase.java:18)
... Removed 19 stack frames</div></td></tr></table><p class="totop"><a href="#summary">back to summary</a></p><h3 id="m6">com.qtpselenium.suite.productdisplay.TestCase_C2#checkTestSkip</h3><table class="result"></table><p class="totop"><a href="#summary">back to summary</a></p><h3 id="m7">com.qtpselenium.suite.productdisplay.TestCase_C2#testcaseC2</h3><table class="result"></table><p class="totop"><a href="#summary">back to summary</a></p><h2>AddProduct Test</h2><h3 id="m8">com.qtpselenium.suite.shop.AddProductTest#addProductToBasket</h3><table class="result"><tr class="param"><th>Parameter #1</th><th>Parameter #2</th><th>Parameter #3</th><th>Parameter #4</th><th>Parameter #5</th></tr><tr class="param stripe"><td>iPhone 4</td><td>white</td><td>8 GB</td><td>ABC</td><td>1.0</td></tr><tr><th colspan="5">Exception</th></tr><tr><td colspan="5"><div class="stacktrace">org.openqa.selenium.remote.UnreachableBrowserException: Error communicating with the remote browser. It may have died.
Build info: version: &apos;2.39.0&apos;, revision: &apos;ff23eac&apos;, time: &apos;2013-12-16 16:12:12&apos;
System info: host: &apos;svprasad-PC&apos;, ip: &apos;192.168.0.103&apos;, os.name: &apos;Windows 7&apos;, os.arch: &apos;amd64&apos;, os.version: &apos;6.1&apos;, java.version: &apos;1.7.0&apos;
Driver info: driver.version: RemoteWebDriver
	at org.openqa.selenium.remote.RemoteWebDriver.execute(RemoteWebDriver.java:548)
	at org.openqa.selenium.remote.RemoteWebDriver.findElements(RemoteWebDriver.java:332)
	at org.openqa.selenium.remote.RemoteWebDriver.findElementsByXPath(RemoteWebDriver.java:408)
	at org.openqa.selenium.By$ByXPath.findElements(By.java:358)
	at org.openqa.selenium.remote.RemoteWebDriver.findElements(RemoteWebDriver.java:295)
	at com.qtpselenium.base.TestBase.checkElementPresence(TestBase.java:114)
	at com.qtpselenium.suite.shop.AddProductTest.addProductToBasket(AddProductTest.java:53)
Caused by: java.net.ConnectException: Connection refused: connect
	at java.net.DualStackPlainSocketImpl.waitForConnect(Native Method)
	at java.net.DualStackPlainSocketImpl.socketConnect(Unknown Source)
	at java.net.AbstractPlainSocketImpl.doConnect(Unknown Source)
	at java.net.AbstractPlainSocketImpl.connectToAddress(Unknown Source)
	at java.net.AbstractPlainSocketImpl.connect(Unknown Source)
	at java.net.PlainSocketImpl.connect(Unknown Source)
	at java.net.SocksSocketImpl.connect(Unknown Source)
	at java.net.Socket.connect(Unknown Source)
	at org.apache.http.conn.scheme.PlainSocketFactory.connectSocket(PlainSocketFactory.java:117)
	at org.apache.http.impl.conn.DefaultClientConnectionOperator.openConnection(DefaultClientConnectionOperator.java:178)
	at org.apache.http.impl.conn.AbstractPoolEntry.open(AbstractPoolEntry.java:144)
	at org.apache.http.impl.conn.AbstractPooledConnAdapter.open(AbstractPooledConnAdapter.java:131)
	at org.apache.http.impl.client.DefaultRequestDirector.tryConnect(DefaultRequestDirector.java:610)
	at org.apache.http.impl.client.DefaultRequestDirector.execute(DefaultRequestDirector.java:445)
	at org.apache.http.impl.client.AbstractHttpClient.doExecute(AbstractHttpClient.java:863)
	at org.apache.http.impl.client.CloseableHttpClient.execute(CloseableHttpClient.java:72)
	at org.apache.http.impl.client.CloseableHttpClient.execute(CloseableHttpClient.java:57)
	at org.openqa.selenium.remote.HttpCommandExecutor.fallBackExecute(HttpCommandExecutor.java:337)
	at org.openqa.selenium.remote.HttpCommandExecutor.execute(HttpCommandExecutor.java:298)
	at org.openqa.selenium.firefox.internal.NewProfileExtensionConnection.execute(NewProfileExtensionConnection.java:165)
	at org.openqa.selenium.firefox.FirefoxDriver$LazyCommandExecutor.execute(FirefoxDriver.java:366)
	at org.openqa.selenium.remote.RemoteWebDriver.execute(RemoteWebDriver.java:527)
	... 31 more
... Removed 25 stack frames</div></td></tr></table><p class="totop"><a href="#summary">back to summary</a></p><h3 id="m9">com.qtpselenium.suite.shop.AddProductTest#addProductToBasket</h3><table class="result"><tr class="param"><th>Parameter #1</th><th>Parameter #2</th><th>Parameter #3</th><th>Parameter #4</th><th>Parameter #5</th></tr><tr class="param stripe"><td>Google Nexus S</td><td>black</td><td>8 GB</td><td>XYZ</td><td>2.0</td></tr><tr><th colspan="5">Exception</th></tr><tr><td colspan="5"><div class="stacktrace">java.lang.AssertionError: No element present expected [true] but found [false]
	at com.qtpselenium.base.TestBase.checkElementPresence(TestBase.java:117)
	at com.qtpselenium.suite.shop.AddProductTest.addProductToBasket(AddProductTest.java:53)
... Removed 28 stack frames</div></td></tr></table><p class="totop"><a href="#summary">back to summary</a></p><h3 id="m10">com.qtpselenium.suite.shop.AddProductTest#addProductToBasket</h3><table class="result"><tr class="param"><th>Parameter #1</th><th>Parameter #2</th><th>Parameter #3</th><th>Parameter #4</th><th>Parameter #5</th></tr><tr class="param stripe"><td>Desire HD</td><td>white</td><td>8 GB</td><td>ABC</td><td>1.0</td></tr><tr><th colspan="5">Exception</th></tr><tr><td colspan="5"><div class="stacktrace">org.openqa.selenium.remote.UnreachableBrowserException: Error communicating with the remote browser. It may have died.
Build info: version: &apos;2.39.0&apos;, revision: &apos;ff23eac&apos;, time: &apos;2013-12-16 16:12:12&apos;
System info: host: &apos;svprasad-PC&apos;, ip: &apos;192.168.0.103&apos;, os.name: &apos;Windows 7&apos;, os.arch: &apos;amd64&apos;, os.version: &apos;6.1&apos;, java.version: &apos;1.7.0&apos;
Driver info: driver.version: RemoteWebDriver
	at org.openqa.selenium.remote.RemoteWebDriver.execute(RemoteWebDriver.java:548)
	at org.openqa.selenium.remote.RemoteWebDriver.get(RemoteWebDriver.java:276)
	at com.qtpselenium.suite.shop.AddProductTest.addProductToBasket(AddProductTest.java:52)
Caused by: java.net.ConnectException: Connection refused: connect
	at java.net.DualStackPlainSocketImpl.waitForConnect(Native Method)
	at java.net.DualStackPlainSocketImpl.socketConnect(Unknown Source)
	at java.net.AbstractPlainSocketImpl.doConnect(Unknown Source)
	at java.net.AbstractPlainSocketImpl.connectToAddress(Unknown Source)
	at java.net.AbstractPlainSocketImpl.connect(Unknown Source)
	at java.net.PlainSocketImpl.connect(Unknown Source)
	at java.net.SocksSocketImpl.connect(Unknown Source)
	at java.net.Socket.connect(Unknown Source)
	at org.apache.http.conn.scheme.PlainSocketFactory.connectSocket(PlainSocketFactory.java:117)
	at org.apache.http.impl.conn.DefaultClientConnectionOperator.openConnection(DefaultClientConnectionOperator.java:178)
	at org.apache.http.impl.conn.AbstractPoolEntry.open(AbstractPoolEntry.java:144)
	at org.apache.http.impl.conn.AbstractPooledConnAdapter.open(AbstractPooledConnAdapter.java:131)
	at org.apache.http.impl.client.DefaultRequestDirector.tryConnect(DefaultRequestDirector.java:610)
	at org.apache.http.impl.client.DefaultRequestDirector.execute(DefaultRequestDirector.java:445)
	at org.apache.http.impl.client.AbstractHttpClient.doExecute(AbstractHttpClient.java:863)
	at org.apache.http.impl.client.CloseableHttpClient.execute(CloseableHttpClient.java:72)
	at org.apache.http.impl.client.CloseableHttpClient.execute(CloseableHttpClient.java:57)
	at org.openqa.selenium.remote.HttpCommandExecutor.fallBackExecute(HttpCommandExecutor.java:319)
	at org.openqa.selenium.remote.HttpCommandExecutor.execute(HttpCommandExecutor.java:298)
	at org.openqa.selenium.firefox.internal.NewProfileExtensionConnection.execute(NewProfileExtensionConnection.java:165)
	at org.openqa.selenium.firefox.FirefoxDriver$LazyCommandExecutor.execute(FirefoxDriver.java:366)
	at org.openqa.selenium.remote.RemoteWebDriver.execute(RemoteWebDriver.java:527)
	... 27 more
... Removed 25 stack frames</div></td></tr></table><p class="totop"><a href="#summary">back to summary</a></p><h2>CheckProduct Display</h2><h3 id="m11">com.qtpselenium.suite.shop.CheckProductDisplay#testcaseA1</h3><table class="result"><tr><th>Exception</th></tr><tr><td><div class="stacktrace">org.openqa.selenium.remote.UnreachableBrowserException: Error communicating with the remote browser. It may have died.
Build info: version: &apos;2.39.0&apos;, revision: &apos;ff23eac&apos;, time: &apos;2013-12-16 16:12:12&apos;
System info: host: &apos;svprasad-PC&apos;, ip: &apos;192.168.0.103&apos;, os.name: &apos;Windows 7&apos;, os.arch: &apos;amd64&apos;, os.version: &apos;6.1&apos;, java.version: &apos;1.7.0&apos;
Driver info: driver.version: RemoteWebDriver
	at org.openqa.selenium.remote.RemoteWebDriver.execute(RemoteWebDriver.java:548)
	at org.openqa.selenium.remote.RemoteWebDriver.get(RemoteWebDriver.java:276)
	at com.qtpselenium.suite.shop.CheckProductDisplay.testcaseA1(CheckProductDisplay.java:51)
Caused by: java.net.ConnectException: Connection refused: connect
	at java.net.DualStackPlainSocketImpl.waitForConnect(Native Method)
	at java.net.DualStackPlainSocketImpl.socketConnect(Unknown Source)
	at java.net.AbstractPlainSocketImpl.doConnect(Unknown Source)
	at java.net.AbstractPlainSocketImpl.connectToAddress(Unknown Source)
	at java.net.AbstractPlainSocketImpl.connect(Unknown Source)
	at java.net.PlainSocketImpl.connect(Unknown Source)
	at java.net.SocksSocketImpl.connect(Unknown Source)
	at java.net.Socket.connect(Unknown Source)
	at org.apache.http.conn.scheme.PlainSocketFactory.connectSocket(PlainSocketFactory.java:117)
	at org.apache.http.impl.conn.DefaultClientConnectionOperator.openConnection(DefaultClientConnectionOperator.java:178)
	at org.apache.http.impl.conn.AbstractPoolEntry.open(AbstractPoolEntry.java:144)
	at org.apache.http.impl.conn.AbstractPooledConnAdapter.open(AbstractPooledConnAdapter.java:131)
	at org.apache.http.impl.client.DefaultRequestDirector.tryConnect(DefaultRequestDirector.java:610)
	at org.apache.http.impl.client.DefaultRequestDirector.execute(DefaultRequestDirector.java:445)
	at org.apache.http.impl.client.AbstractHttpClient.doExecute(AbstractHttpClient.java:863)
	at org.apache.http.impl.client.CloseableHttpClient.execute(CloseableHttpClient.java:72)
	at org.apache.http.impl.client.CloseableHttpClient.execute(CloseableHttpClient.java:57)
	at org.openqa.selenium.remote.HttpCommandExecutor.fallBackExecute(HttpCommandExecutor.java:319)
	at org.openqa.selenium.remote.HttpCommandExecutor.execute(HttpCommandExecutor.java:298)
	at org.openqa.selenium.firefox.internal.NewProfileExtensionConnection.execute(NewProfileExtensionConnection.java:165)
	at org.openqa.selenium.firefox.FirefoxDriver$LazyCommandExecutor.execute(FirefoxDriver.java:366)
	at org.openqa.selenium.remote.RemoteWebDriver.execute(RemoteWebDriver.java:527)
	... 27 more
... Removed 25 stack frames</div></td></tr></table><p class="totop"><a href="#summary">back to summary</a></p><h2>Random Product selection test</h2><h3 id="m12">com.qtpselenium.suite.shop.RandomSelection#testSelection</h3><table class="result"><tr><th>Exception</th></tr><tr><td><div class="stacktrace">org.openqa.selenium.remote.UnreachableBrowserException: Error communicating with the remote browser. It may have died.
Build info: version: &apos;2.39.0&apos;, revision: &apos;ff23eac&apos;, time: &apos;2013-12-16 16:12:12&apos;
System info: host: &apos;svprasad-PC&apos;, ip: &apos;192.168.0.103&apos;, os.name: &apos;Windows 7&apos;, os.arch: &apos;amd64&apos;, os.version: &apos;6.1&apos;, java.version: &apos;1.7.0&apos;
Driver info: driver.version: RemoteWebDriver
	at org.openqa.selenium.remote.RemoteWebDriver.execute(RemoteWebDriver.java:548)
	at org.openqa.selenium.remote.RemoteWebDriver.get(RemoteWebDriver.java:276)
	at com.qtpselenium.suite.shop.RandomSelection.testSelection(RandomSelection.java:42)
Caused by: java.net.ConnectException: Connection refused: connect
	at java.net.DualStackPlainSocketImpl.waitForConnect(Native Method)
	at java.net.DualStackPlainSocketImpl.socketConnect(Unknown Source)
	at java.net.AbstractPlainSocketImpl.doConnect(Unknown Source)
	at java.net.AbstractPlainSocketImpl.connectToAddress(Unknown Source)
	at java.net.AbstractPlainSocketImpl.connect(Unknown Source)
	at java.net.PlainSocketImpl.connect(Unknown Source)
	at java.net.SocksSocketImpl.connect(Unknown Source)
	at java.net.Socket.connect(Unknown Source)
	at org.apache.http.conn.scheme.PlainSocketFactory.connectSocket(PlainSocketFactory.java:117)
	at org.apache.http.impl.conn.DefaultClientConnectionOperator.openConnection(DefaultClientConnectionOperator.java:178)
	at org.apache.http.impl.conn.AbstractPoolEntry.open(AbstractPoolEntry.java:144)
	at org.apache.http.impl.conn.AbstractPooledConnAdapter.open(AbstractPooledConnAdapter.java:131)
	at org.apache.http.impl.client.DefaultRequestDirector.tryConnect(DefaultRequestDirector.java:610)
	at org.apache.http.impl.client.DefaultRequestDirector.execute(DefaultRequestDirector.java:445)
	at org.apache.http.impl.client.AbstractHttpClient.doExecute(AbstractHttpClient.java:863)
	at org.apache.http.impl.client.CloseableHttpClient.execute(CloseableHttpClient.java:72)
	at org.apache.http.impl.client.CloseableHttpClient.execute(CloseableHttpClient.java:57)
	at org.openqa.selenium.remote.HttpCommandExecutor.fallBackExecute(HttpCommandExecutor.java:319)
	at org.openqa.selenium.remote.HttpCommandExecutor.execute(HttpCommandExecutor.java:298)
	at org.openqa.selenium.firefox.internal.NewProfileExtensionConnection.execute(NewProfileExtensionConnection.java:165)
	at org.openqa.selenium.firefox.FirefoxDriver$LazyCommandExecutor.execute(FirefoxDriver.java:366)
	at org.openqa.selenium.remote.RemoteWebDriver.execute(RemoteWebDriver.java:527)
	... 27 more
... Removed 25 stack frames</div></td></tr></table><p class="totop"><a href="#summary">back to summary</a></p><h2>CheckTotal Test</h2><h3 id="m13">com.qtpselenium.suite.cart.CheckTotal#checkTestSkip</h3><table class="result"></table><p class="totop"><a href="#summary">back to summary</a></p><h3 id="m14">com.qtpselenium.suite.cart.CheckTotal#reportDataSetResult</h3><table class="result"></table><p class="totop"><a href="#summary">back to summary</a></p><h3 id="m15">com.qtpselenium.suite.cart.CheckTotal#reportTestResult</h3><table class="result"></table><p class="totop"><a href="#summary">back to summary</a></p><h3 id="m16">com.qtpselenium.suite.cart.CheckTotal#testcaseCartTotal</h3><table class="result"></table><p class="totop"><a href="#summary">back to summary</a></p><h2>Test B2</h2><h3 id="m17">com.qtpselenium.suite.cart.TestCase_B2#checkSuiteSkip</h3><table class="result"><tr><th>Exception</th></tr><tr><td><div class="stacktrace">org.testng.SkipException: RUnmode of Cart Suite set to no. So Skipping all tests in Suite A
	at com.qtpselenium.suite.cart.TestSuiteBase.checkSuiteSkip(TestSuiteBase.java:17)
... Removed 19 stack frames</div></td></tr></table><p class="totop"><a href="#summary">back to summary</a></p><h3 id="m18">com.qtpselenium.suite.cart.TestCase_B2#checkTestSkip</h3><table class="result"></table><p class="totop"><a href="#summary">back to summary</a></p><h3 id="m19">com.qtpselenium.suite.cart.TestCase_B2#testcaseB2</h3><table class="result"></table><p class="totop"><a href="#summary">back to summary</a></p></body></html>